Using pre-set license
Built from '2020.2/release' branch; Version is '2020.2.4f1 (becced5a802b) revision 12504301'; Using compiler version '192528614'; Build Type 'Release'
OS: 'Windows 10 Pro; OS build 19042.1110; Version 2009; 64bit' Language: 'en' Physical Memory: 32716 MB
BatchMode: 1, IsHumanControllingUs: 0, StartBugReporterOnCrash: 0, Is64bit: 1, IsPro: 0

 COMMAND LINE ARGUMENTS:
E:\Unity Editor\2020.2.4f1\Editor\Unity.exe
-adb2
-batchMode
-noUpm
-name
AssetImportWorker0
-projectPath
C:/Users/Shit Head/Documents/Introduction to Games Development/Labs/Lab Week 4 - Activity
-logFile
Logs/AssetImportWorker0.log
-srvPort
63158
Successfully changed project path to: C:/Users/Shit Head/Documents/Introduction to Games Development/Labs/Lab Week 4 - Activity
C:/Users/Shit Head/Documents/Introduction to Games Development/Labs/Lab Week 4 - Activity
Using Asset Import Pipeline V2.
Refreshing native plugins compatible for Editor in 23.78 ms, found 0 plugins.
Preloading 0 native plugins for Editor in 0.00 ms.
Initialize engine version: 2020.2.4f1 (becced5a802b)
[Subsystems] Discovering subsystems at path E:/Unity Editor/2020.2.4f1/Editor/Data/Resources/UnitySubsystems
[Subsystems] Discovering subsystems at path C:/Users/Shit Head/Documents/Introduction to Games Development/Labs/Lab Week 4 - Activity/Assets
GfxDevice: creating device client; threaded=0
Direct3D:
    Version:  Direct3D 11.0 [level 11.1]
    Renderer: NVIDIA GeForce GTX 970 (ID=0x13c2)
    Vendor:   
    VRAM:     4043 MB
    Driver:   27.21.14.5671
Initialize mono
Mono path[0] = 'E:/Unity Editor/2020.2.4f1/Editor/Data/Managed'
Mono path[1] = 'E:/Unity Editor/2020.2.4f1/Editor/Data/MonoBleedingEdge/lib/mono/unityjit'
Mono config path = 'E:/Unity Editor/2020.2.4f1/Editor/Data/MonoBleedingEdge/etc'
Using monoOptions --debugger-agent=transport=dt_socket,embedding=1,server=y,suspend=n,address=127.0.0.1:56540
Begin MonoManager ReloadAssembly
Registering precompiled unity dll's ...
Register platform support module: E:/Unity Editor/2020.2.4f1/Editor/Data/PlaybackEngines/WindowsStandaloneSupport/UnityEditor.WindowsStandalone.Extensions.dll
Registered in 0.000977 seconds.
Native extension for WindowsStandalone target not found
Refreshing native plugins compatible for Editor in 23.77 ms, found 0 plugins.
Preloading 0 native plugins for Editor in 0.00 ms.
Invoked RoslynAnalysisRunner static constructor.
RoslynAnalysisRunner will not be running.
RoslynAnalysisRunner has terminated.
Mono: successfully reloaded assembly
- Completed reload, in  0.985 seconds
Platform modules already initialized, skipping
Registering precompiled user dll's ...
Registered in 0.000638 seconds.
Begin MonoManager ReloadAssembly
Native extension for WindowsStandalone target not found
Refreshing native plugins compatible for Editor in 0.32 ms, found 0 plugins.
Preloading 0 native plugins for Editor in 0.00 ms.
Invoked RoslynAnalysisRunner static constructor.
RoslynAnalysisRunner will not be running.
RoslynAnalysisRunner has terminated.
Mono: successfully reloaded assembly
- Completed reload, in  0.847 seconds
Platform modules already initialized, skipping
========================================================================
Worker process is ready to serve import requests
Launched and connected shader compiler UnityShaderCompiler.exe after 0.07 seconds
Refreshing native plugins compatible for Editor in 0.20 ms, found 0 plugins.
Preloading 0 native plugins for Editor in 0.00 ms.
Unloading 1079 Unused Serialized files (Serialized files now loaded: 0)
System memory in use before: 56.2 MB.
System memory in use after: 56.3 MB.

Unloading 9 unused Assets to reduce memory usage. Loaded Objects now: 1521.
Total: 2.175500 ms (FindLiveObjects: 0.132400 ms CreateObjectMapping: 0.034900 ms MarkObjects: 1.942500 ms  DeleteObjects: 0.064700 ms)

========================================================================
Received Import Request.
  path: Assets/Materials/BlueMaterial.mat
  artifactKey: Guid(55cee61c1df02084fa75627ca43ed838) Importer(815301076,1909f56bfc062723c751e8b465ee728b)
Start importing Assets/Materials/BlueMaterial.mat using Guid(55cee61c1df02084fa75627ca43ed838) Importer(815301076,1909f56bfc062723c751e8b465ee728b)  -> (artifact id: '9b932000c7a610a1d3541e0f26d6db5b') in 0.309231 seconds
  Import took 0.311789 seconds .

========================================================================
Received Import Request.
  Time since last request: 0.000236 seconds.
  path: Assets/Materials/RedMaterial.mat
  artifactKey: Guid(181e01ddf953c5645946fab1d1a0653c) Importer(815301076,1909f56bfc062723c751e8b465ee728b)
Start importing Assets/Materials/RedMaterial.mat using Guid(181e01ddf953c5645946fab1d1a0653c) Importer(815301076,1909f56bfc062723c751e8b465ee728b)  -> (artifact id: '6eaf319e9f81eed1195275bf2374020e') in 0.018622 seconds
  Import took 0.021378 seconds .

========================================================================
Received Import Request.
  Time since last request: 14.171423 seconds.
  path: Assets/Scripts/ConsolePrint.cs
  artifactKey: Guid(4d42e58705c88404194fbbc547655bf4) Importer(815301076,1909f56bfc062723c751e8b465ee728b)
Start importing Assets/Scripts/ConsolePrint.cs using Guid(4d42e58705c88404194fbbc547655bf4) Importer(815301076,1909f56bfc062723c751e8b465ee728b)  -> (artifact id: 'af2325143798b99f27429423ed3313d3') in 0.009240 seconds
  Import took 0.011359 seconds .

========================================================================
Received Import Request.
  Time since last request: 0.021310 seconds.
  path: Assets/Scripts/ConsolePrint.cs
  artifactKey: Guid(4d42e58705c88404194fbbc547655bf4) Importer(815301076,1909f56bfc062723c751e8b465ee728b)
Start importing Assets/Scripts/ConsolePrint.cs using Guid(4d42e58705c88404194fbbc547655bf4) Importer(815301076,1909f56bfc062723c751e8b465ee728b)  -> (artifact id: 'af2325143798b99f27429423ed3313d3') in 0.002935 seconds
  Import took 0.005469 seconds .

========================================================================
Received Prepare
Registering precompiled user dll's ...
Registered in 0.000709 seconds.
Begin MonoManager ReloadAssembly
Native extension for WindowsStandalone target not found
Refreshing native plugins compatible for Editor in 0.43 ms, found 0 plugins.
Preloading 0 native plugins for Editor in 0.00 ms.
Invoked RoslynAnalysisRunner static constructor.
RoslynAnalysisRunner will not be running.
RoslynAnalysisRunner has terminated.
Mono: successfully reloaded assembly
- Completed reload, in  0.840 seconds
Platform modules already initialized, skipping
Refreshing native plugins compatible for Editor in 0.26 ms, found 0 plugins.
Preloading 0 native plugins for Editor in 0.00 ms.
Unloading 1074 Unused Serialized files (Serialized files now loaded: 0)
System memory in use before: 59.4 MB.
System memory in use after: 59.5 MB.

Unloading 4 unused Assets to reduce memory usage. Loaded Objects now: 1564.
Total: 2.172600 ms (FindLiveObjects: 0.149800 ms CreateObjectMapping: 0.060300 ms MarkObjects: 1.928700 ms  DeleteObjects: 0.032600 ms)

========================================================================
Received Import Request.
  Time since last request: 19.619749 seconds.
  path: Assets/Prefabs/BluePrefab.prefab
  artifactKey: Guid(628808efff3638e4092daa748e41fb5e) Importer(815301076,1909f56bfc062723c751e8b465ee728b)
Start importing Assets/Prefabs/BluePrefab.prefab using Guid(628808efff3638e4092daa748e41fb5e) Importer(815301076,1909f56bfc062723c751e8b465ee728b)  -> (artifact id: '63bc210cc9a81dd396a669dcc55d9e07') in 0.074880 seconds
  Import took 0.077781 seconds .

========================================================================
Received Import Request.
  Time since last request: 8.501237 seconds.
  path: Assets/Prefabs/RedPrefab.prefab
  artifactKey: Guid(356b8277975a77d4eb39a7b25b363197) Importer(815301076,1909f56bfc062723c751e8b465ee728b)
Start importing Assets/Prefabs/RedPrefab.prefab using Guid(356b8277975a77d4eb39a7b25b363197) Importer(815301076,1909f56bfc062723c751e8b465ee728b)  -> (artifact id: 'e801ac44e0046727140b3096d8214eb0') in 0.013656 seconds
  Import took 0.016176 seconds .

========================================================================
Received Prepare
Registering precompiled user dll's ...
Registered in 0.000671 seconds.
Begin MonoManager ReloadAssembly
Native extension for WindowsStandalone target not found
Refreshing native plugins compatible for Editor in 0.23 ms, found 0 plugins.
Preloading 0 native plugins for Editor in 0.00 ms.
Invoked RoslynAnalysisRunner static constructor.
RoslynAnalysisRunner will not be running.
RoslynAnalysisRunner has terminated.
Mono: successfully reloaded assembly
- Completed reload, in  0.820 seconds
Platform modules already initialized, skipping
Refreshing native plugins compatible for Editor in 0.22 ms, found 0 plugins.
Preloading 0 native plugins for Editor in 0.00 ms.
Unloading 1074 Unused Serialized files (Serialized files now loaded: 0)
System memory in use before: 59.5 MB.
System memory in use after: 59.6 MB.

Unloading 5 unused Assets to reduce memory usage. Loaded Objects now: 1568.
Total: 2.126800 ms (FindLiveObjects: 0.168200 ms CreateObjectMapping: 0.065600 ms MarkObjects: 1.844300 ms  DeleteObjects: 0.047700 ms)

========================================================================
Received Import Request.
  Time since last request: 209.039016 seconds.
  path: Assets/Scripts/ConsolePrint.cs
  artifactKey: Guid(4d42e58705c88404194fbbc547655bf4) Importer(815301076,1909f56bfc062723c751e8b465ee728b)
Start importing Assets/Scripts/ConsolePrint.cs using Guid(4d42e58705c88404194fbbc547655bf4) Importer(815301076,1909f56bfc062723c751e8b465ee728b)  -> (artifact id: '53217470603077c4e2cbaa21a1a92f95') in 0.007285 seconds
  Import took 0.009775 seconds .

========================================================================
Received Prepare
Registering precompiled user dll's ...
Registered in 0.000709 seconds.
Begin MonoManager ReloadAssembly
Native extension for WindowsStandalone target not found
Refreshing native plugins compatible for Editor in 0.22 ms, found 0 plugins.
Preloading 0 native plugins for Editor in 0.00 ms.
Invoked RoslynAnalysisRunner static constructor.
RoslynAnalysisRunner will not be running.
RoslynAnalysisRunner has terminated.
Mono: successfully reloaded assembly
- Completed reload, in  0.795 seconds
Platform modules already initialized, skipping
Refreshing native plugins compatible for Editor in 0.26 ms, found 0 plugins.
Preloading 0 native plugins for Editor in 0.00 ms.
Unloading 1074 Unused Serialized files (Serialized files now loaded: 0)
System memory in use before: 59.5 MB.
System memory in use after: 59.6 MB.

Unloading 4 unused Assets to reduce memory usage. Loaded Objects now: 1570.
Total: 2.548600 ms (FindLiveObjects: 0.205900 ms CreateObjectMapping: 0.044000 ms MarkObjects: 2.259700 ms  DeleteObjects: 0.037800 ms)

========================================================================
Received Import Request.
  Time since last request: 29.848101 seconds.
  path: Assets/Scripts/ConsolePrint.cs
  artifactKey: Guid(4d42e58705c88404194fbbc547655bf4) Importer(815301076,1909f56bfc062723c751e8b465ee728b)
Start importing Assets/Scripts/ConsolePrint.cs using Guid(4d42e58705c88404194fbbc547655bf4) Importer(815301076,1909f56bfc062723c751e8b465ee728b)  -> (artifact id: '8c0e93a40eed9874280323cb647a0061') in 0.005220 seconds
  Import took 0.007607 seconds .

========================================================================
Received Prepare
Registering precompiled user dll's ...
Registered in 0.001109 seconds.
Begin MonoManager ReloadAssembly
Native extension for WindowsStandalone target not found
Refreshing native plugins compatible for Editor in 0.47 ms, found 0 plugins.
Preloading 0 native plugins for Editor in 0.00 ms.
Invoked RoslynAnalysisRunner static constructor.
RoslynAnalysisRunner will not be running.
RoslynAnalysisRunner has terminated.
Mono: successfully reloaded assembly
- Completed reload, in  0.875 seconds
Platform modules already initialized, skipping
Refreshing native plugins compatible for Editor in 0.26 ms, found 0 plugins.
Preloading 0 native plugins for Editor in 0.00 ms.
Unloading 1074 Unused Serialized files (Serialized files now loaded: 0)
System memory in use before: 59.5 MB.
System memory in use after: 59.6 MB.

Unloading 4 unused Assets to reduce memory usage. Loaded Objects now: 1572.
Total: 2.642900 ms (FindLiveObjects: 0.235100 ms CreateObjectMapping: 0.079400 ms MarkObjects: 2.256000 ms  DeleteObjects: 0.070800 ms)

========================================================================
Received Prepare
Registering precompiled user dll's ...
Registered in 0.000740 seconds.
Begin MonoManager ReloadAssembly
Native extension for WindowsStandalone target not found
Refreshing native plugins compatible for Editor in 0.26 ms, found 0 plugins.
Preloading 0 native plugins for Editor in 0.00 ms.
Invoked RoslynAnalysisRunner static constructor.
RoslynAnalysisRunner will not be running.
RoslynAnalysisRunner has terminated.
Mono: successfully reloaded assembly
- Completed reload, in  0.790 seconds
Platform modules already initialized, skipping
Refreshing native plugins compatible for Editor in 0.24 ms, found 0 plugins.
Preloading 0 native plugins for Editor in 0.00 ms.
Unloading 1074 Unused Serialized files (Serialized files now loaded: 0)
System memory in use before: 59.5 MB.
System memory in use after: 59.6 MB.

Unloading 4 unused Assets to reduce memory usage. Loaded Objects now: 1574.
Total: 1.881700 ms (FindLiveObjects: 0.173200 ms CreateObjectMapping: 0.077600 ms MarkObjects: 1.585800 ms  DeleteObjects: 0.044000 ms)

========================================================================
Received Import Request.
  Time since last request: 127.555803 seconds.
  path: Assets/Scripts/Print.cs
  artifactKey: Guid(4d42e58705c88404194fbbc547655bf4) Importer(815301076,1909f56bfc062723c751e8b465ee728b)
Start importing Assets/Scripts/Print.cs using Guid(4d42e58705c88404194fbbc547655bf4) Importer(815301076,1909f56bfc062723c751e8b465ee728b)  -> (artifact id: '6acbf28e59f8a129275e1bbc086ffaa4') in 0.013084 seconds
  Import took 0.016321 seconds .

========================================================================
Received Prepare
Registering precompiled user dll's ...
Registered in 0.003193 seconds.
Begin MonoManager ReloadAssembly
Native extension for WindowsStandalone target not found
Refreshing native plugins compatible for Editor in 0.30 ms, found 0 plugins.
Preloading 0 native plugins for Editor in 0.00 ms.
Invoked RoslynAnalysisRunner static constructor.
RoslynAnalysisRunner will not be running.
RoslynAnalysisRunner has terminated.
Mono: successfully reloaded assembly
- Completed reload, in  0.864 seconds
Platform modules already initialized, skipping
Refreshing native plugins compatible for Editor in 0.25 ms, found 0 plugins.
Preloading 0 native plugins for Editor in 0.00 ms.
Unloading 1074 Unused Serialized files (Serialized files now loaded: 0)
System memory in use before: 59.6 MB.
System memory in use after: 59.7 MB.

Unloading 4 unused Assets to reduce memory usage. Loaded Objects now: 1576.
Total: 4.093700 ms (FindLiveObjects: 0.140200 ms CreateObjectMapping: 0.040200 ms MarkObjects: 3.894200 ms  DeleteObjects: 0.017400 ms)

========================================================================
Received Import Request.
  Time since last request: 10.619589 seconds.
  path: Assets/Scripts/PrintAndHide.cs
  artifactKey: Guid(4d42e58705c88404194fbbc547655bf4) Importer(815301076,1909f56bfc062723c751e8b465ee728b)
Start importing Assets/Scripts/PrintAndHide.cs using Guid(4d42e58705c88404194fbbc547655bf4) Importer(815301076,1909f56bfc062723c751e8b465ee728b)  -> (artifact id: '712e8bc4309cf741d6e9da157a315b7a') in 0.012477 seconds
  Import took 0.015239 seconds .

========================================================================
Received Prepare
Registering precompiled user dll's ...
Registered in 0.000737 seconds.
Begin MonoManager ReloadAssembly
Native extension for WindowsStandalone target not found
Refreshing native plugins compatible for Editor in 0.21 ms, found 0 plugins.
Preloading 0 native plugins for Editor in 0.00 ms.
Invoked RoslynAnalysisRunner static constructor.
RoslynAnalysisRunner will not be running.
RoslynAnalysisRunner has terminated.
Mono: successfully reloaded assembly
- Completed reload, in  0.849 seconds
Platform modules already initialized, skipping
Refreshing native plugins compatible for Editor in 0.23 ms, found 0 plugins.
Preloading 0 native plugins for Editor in 0.00 ms.
Unloading 1074 Unused Serialized files (Serialized files now loaded: 0)
System memory in use before: 59.6 MB.
System memory in use after: 59.7 MB.

Unloading 4 unused Assets to reduce memory usage. Loaded Objects now: 1578.
Total: 2.012000 ms (FindLiveObjects: 0.200700 ms CreateObjectMapping: 0.045100 ms MarkObjects: 1.749600 ms  DeleteObjects: 0.015600 ms)

========================================================================
Received Import Request.
  Time since last request: 52.675571 seconds.
  path: Assets/Prefabs/BluePrefab.prefab
  artifactKey: Guid(628808efff3638e4092daa748e41fb5e) Importer(815301076,1909f56bfc062723c751e8b465ee728b)
Start importing Assets/Prefabs/BluePrefab.prefab using Guid(628808efff3638e4092daa748e41fb5e) Importer(815301076,1909f56bfc062723c751e8b465ee728b)  -> (artifact id: 'b6104f3331a070a472dd3d95658c37af') in 0.055960 seconds
  Import took 0.058922 seconds .

========================================================================
Received Import Request.
  Time since last request: 0.000259 seconds.
  path: Assets/Prefabs/RedPrefab.prefab
  artifactKey: Guid(356b8277975a77d4eb39a7b25b363197) Importer(815301076,1909f56bfc062723c751e8b465ee728b)
Start importing Assets/Prefabs/RedPrefab.prefab using Guid(356b8277975a77d4eb39a7b25b363197) Importer(815301076,1909f56bfc062723c751e8b465ee728b)  -> (artifact id: '631d19ded4791e68c4569bd97c53f2d4') in 0.012042 seconds
  Import took 0.014599 seconds .

========================================================================
Received Prepare
Registering precompiled user dll's ...
Registered in 0.000988 seconds.
Begin MonoManager ReloadAssembly
Native extension for WindowsStandalone target not found
Refreshing native plugins compatible for Editor in 0.26 ms, found 0 plugins.
Preloading 0 native plugins for Editor in 0.00 ms.
Invoked RoslynAnalysisRunner static constructor.
RoslynAnalysisRunner will not be running.
RoslynAnalysisRunner has terminated.
Mono: successfully reloaded assembly
- Completed reload, in  0.850 seconds
Platform modules already initialized, skipping
Refreshing native plugins compatible for Editor in 0.25 ms, found 0 plugins.
Preloading 0 native plugins for Editor in 0.00 ms.
Unloading 1074 Unused Serialized files (Serialized files now loaded: 0)
System memory in use before: 59.6 MB.
System memory in use after: 59.7 MB.

Unloading 5 unused Assets to reduce memory usage. Loaded Objects now: 1581.
Total: 2.330000 ms (FindLiveObjects: 0.155800 ms CreateObjectMapping: 0.063000 ms MarkObjects: 2.061000 ms  DeleteObjects: 0.049200 ms)

========================================================================
Received Prepare
Registering precompiled user dll's ...
Registered in 0.000656 seconds.
Begin MonoManager ReloadAssembly
Native extension for WindowsStandalone target not found
Refreshing native plugins compatible for Editor in 0.23 ms, found 0 plugins.
Preloading 0 native plugins for Editor in 0.00 ms.
Invoked RoslynAnalysisRunner static constructor.
RoslynAnalysisRunner will not be running.
RoslynAnalysisRunner has terminated.
Mono: successfully reloaded assembly
- Completed reload, in  0.814 seconds
Platform modules already initialized, skipping
Refreshing native plugins compatible for Editor in 0.22 ms, found 0 plugins.
Preloading 0 native plugins for Editor in 0.00 ms.
Unloading 1074 Unused Serialized files (Serialized files now loaded: 0)
System memory in use before: 59.6 MB.
System memory in use after: 59.7 MB.

Unloading 4 unused Assets to reduce memory usage. Loaded Objects now: 1583.
Total: 1.820200 ms (FindLiveObjects: 0.191100 ms CreateObjectMapping: 0.048100 ms MarkObjects: 1.550600 ms  DeleteObjects: 0.029500 ms)

========================================================================
Received Import Request.
  Time since last request: 70.679218 seconds.
  path: Assets/Scripts/LoadAssets.cs
  artifactKey: Guid(c5dbe8fd31046a44d8d4884ca1d0d48e) Importer(815301076,1909f56bfc062723c751e8b465ee728b)
Start importing Assets/Scripts/LoadAssets.cs using Guid(c5dbe8fd31046a44d8d4884ca1d0d48e) Importer(815301076,1909f56bfc062723c751e8b465ee728b)  -> (artifact id: '9fbc8254a1a94bfaf0960458dd0efa9a') in 0.010136 seconds
  Import took 0.012546 seconds .

========================================================================
Received Import Request.
  Time since last request: 0.443378 seconds.
  path: Assets/Scripts/PrintAndHide.cs
  artifactKey: Guid(4d42e58705c88404194fbbc547655bf4) Importer(815301076,1909f56bfc062723c751e8b465ee728b)
Start importing Assets/Scripts/PrintAndHide.cs using Guid(4d42e58705c88404194fbbc547655bf4) Importer(815301076,1909f56bfc062723c751e8b465ee728b)  -> (artifact id: '223709d84a75d9cd9698db1b5a73fec1') in 0.003276 seconds
  Import took 0.006194 seconds .

========================================================================
Received Import Request.
  Time since last request: 20.685674 seconds.
  path: Assets/Prefabs/RedPrefab.prefab
  artifactKey: Guid(356b8277975a77d4eb39a7b25b363197) Importer(815301076,1909f56bfc062723c751e8b465ee728b)
Start importing Assets/Prefabs/RedPrefab.prefab using Guid(356b8277975a77d4eb39a7b25b363197) Importer(815301076,1909f56bfc062723c751e8b465ee728b)  -> (artifact id: 'ddf13e30eff7a51f7ad4513e76681939') in 0.056834 seconds
  Import took 0.059851 seconds .

========================================================================
Received Import Request.
  Time since last request: 21.589165 seconds.
  path: Assets/Prefabs/RedPrefab.prefab
  artifactKey: Guid(356b8277975a77d4eb39a7b25b363197) Importer(815301076,1909f56bfc062723c751e8b465ee728b)
Start importing Assets/Prefabs/RedPrefab.prefab using Guid(356b8277975a77d4eb39a7b25b363197) Importer(815301076,1909f56bfc062723c751e8b465ee728b)  -> (artifact id: '27f94d3db81f65932b2f4be78a07d58e') in 0.010796 seconds
  Import took 0.013608 seconds .

========================================================================
Received Import Request.
  Time since last request: 67.712214 seconds.
  path: Assets/Scripts/Print.cs
  artifactKey: Guid(4d42e58705c88404194fbbc547655bf4) Importer(815301076,1909f56bfc062723c751e8b465ee728b)
Start importing Assets/Scripts/Print.cs using Guid(4d42e58705c88404194fbbc547655bf4) Importer(815301076,1909f56bfc062723c751e8b465ee728b)  -> (artifact id: 'e2cf20d1241bff906659bd8fc706568c') in 0.006882 seconds
  Import took 0.009486 seconds .

========================================================================
Received Import Request.
  Time since last request: 0.055944 seconds.
  path: Assets/Scripts/Print.cs
  artifactKey: Guid(4d42e58705c88404194fbbc547655bf4) Importer(815301076,1909f56bfc062723c751e8b465ee728b)
Start importing Assets/Scripts/Print.cs using Guid(4d42e58705c88404194fbbc547655bf4) Importer(815301076,1909f56bfc062723c751e8b465ee728b)  -> (artifact id: 'e2cf20d1241bff906659bd8fc706568c') in 0.004412 seconds
  Import took 0.007014 seconds .

========================================================================
Received Prepare
Registering precompiled user dll's ...
Registered in 0.000739 seconds.
Begin MonoManager ReloadAssembly
Native extension for WindowsStandalone target not found
Refreshing native plugins compatible for Editor in 0.22 ms, found 0 plugins.
Preloading 0 native plugins for Editor in 0.00 ms.
Invoked RoslynAnalysisRunner static constructor.
RoslynAnalysisRunner will not be running.
RoslynAnalysisRunner has terminated.
Mono: successfully reloaded assembly
- Completed reload, in  0.876 seconds
Platform modules already initialized, skipping
Refreshing native plugins compatible for Editor in 0.21 ms, found 0 plugins.
Preloading 0 native plugins for Editor in 0.00 ms.
Unloading 1074 Unused Serialized files (Serialized files now loaded: 0)
System memory in use before: 59.6 MB.
System memory in use after: 59.7 MB.

Unloading 5 unused Assets to reduce memory usage. Loaded Objects now: 1586.
Total: 1.686300 ms (FindLiveObjects: 0.163200 ms CreateObjectMapping: 0.034900 ms MarkObjects: 1.458900 ms  DeleteObjects: 0.028300 ms)

========================================================================
Received Prepare
Registering precompiled user dll's ...
Registered in 0.000724 seconds.
Begin MonoManager ReloadAssembly
Native extension for WindowsStandalone target not found
Refreshing native plugins compatible for Editor in 0.32 ms, found 0 plugins.
Preloading 0 native plugins for Editor in 0.00 ms.
Invoked RoslynAnalysisRunner static constructor.
RoslynAnalysisRunner will not be running.
RoslynAnalysisRunner has terminated.
Mono: successfully reloaded assembly
- Completed reload, in  0.879 seconds
Platform modules already initialized, skipping
Refreshing native plugins compatible for Editor in 0.26 ms, found 0 plugins.
Preloading 0 native plugins for Editor in 0.00 ms.
Unloading 1074 Unused Serialized files (Serialized files now loaded: 0)
System memory in use before: 59.6 MB.
System memory in use after: 59.7 MB.

Unloading 4 unused Assets to reduce memory usage. Loaded Objects now: 1588.
Total: 3.424100 ms (FindLiveObjects: 0.466100 ms CreateObjectMapping: 0.100300 ms MarkObjects: 2.832800 ms  DeleteObjects: 0.023600 ms)

========================================================================
Received Prepare
Registering precompiled user dll's ...
Registered in 0.000640 seconds.
Begin MonoManager ReloadAssembly
Native extension for WindowsStandalone target not found
Refreshing native plugins compatible for Editor in 0.21 ms, found 0 plugins.
Preloading 0 native plugins for Editor in 0.00 ms.
Invoked RoslynAnalysisRunner static constructor.
RoslynAnalysisRunner will not be running.
RoslynAnalysisRunner has terminated.
Mono: successfully reloaded assembly
- Completed reload, in  0.837 seconds
Platform modules already initialized, skipping
Refreshing native plugins compatible for Editor in 0.22 ms, found 0 plugins.
Preloading 0 native plugins for Editor in 0.00 ms.
Unloading 1074 Unused Serialized files (Serialized files now loaded: 0)
System memory in use before: 59.6 MB.
System memory in use after: 59.7 MB.

Unloading 4 unused Assets to reduce memory usage. Loaded Objects now: 1590.
Total: 2.223300 ms (FindLiveObjects: 0.127800 ms CreateObjectMapping: 0.033800 ms MarkObjects: 2.045700 ms  DeleteObjects: 0.015100 ms)

========================================================================
Received Import Request.
  Time since last request: 184.565664 seconds.
  path: Assets/Scripts/PrintAndHide.cs
  artifactKey: Guid(4d42e58705c88404194fbbc547655bf4) Importer(815301076,1909f56bfc062723c751e8b465ee728b)
Start importing Assets/Scripts/PrintAndHide.cs using Guid(4d42e58705c88404194fbbc547655bf4) Importer(815301076,1909f56bfc062723c751e8b465ee728b)  -> (artifact id: '24a6dff9807a2f726111066d68b3436b') in 0.009313 seconds
  Import took 0.011759 seconds .

========================================================================
Received Import Request.
  Time since last request: 2.982777 seconds.
  path: Assets/Prefabs/BluePrefab.prefab
  artifactKey: Guid(628808efff3638e4092daa748e41fb5e) Importer(815301076,1909f56bfc062723c751e8b465ee728b)
Start importing Assets/Prefabs/BluePrefab.prefab using Guid(628808efff3638e4092daa748e41fb5e) Importer(815301076,1909f56bfc062723c751e8b465ee728b)  -> (artifact id: '80dcadf12ff32972a0f318a9bd89e2ed') in 0.056123 seconds
  Import took 0.058554 seconds .

========================================================================
Received Import Request.
  Time since last request: 12.569158 seconds.
  path: Assets/Prefabs/RedPrefab.prefab
  artifactKey: Guid(356b8277975a77d4eb39a7b25b363197) Importer(815301076,1909f56bfc062723c751e8b465ee728b)
Start importing Assets/Prefabs/RedPrefab.prefab using Guid(356b8277975a77d4eb39a7b25b363197) Importer(815301076,1909f56bfc062723c751e8b465ee728b)  -> (artifact id: '9919f1c2d1f6069cedd20ab5ad5cc8f7') in 0.012822 seconds
  Import took 0.015762 seconds .

========================================================================
Received Import Request.
  Time since last request: 46.686971 seconds.
  path: Assets/Prefabs/BluePrefab.prefab
  artifactKey: Guid(628808efff3638e4092daa748e41fb5e) Importer(815301076,1909f56bfc062723c751e8b465ee728b)
Start importing Assets/Prefabs/BluePrefab.prefab using Guid(628808efff3638e4092daa748e41fb5e) Importer(815301076,1909f56bfc062723c751e8b465ee728b)  -> (artifact id: '62664b29ef1f617567e459f3fdfa814b') in 0.010972 seconds
  Import took 0.013731 seconds .

========================================================================
Received Import Request.
  Time since last request: 5.787473 seconds.
  path: Assets/Prefabs/RedPrefab.prefab
  artifactKey: Guid(356b8277975a77d4eb39a7b25b363197) Importer(815301076,1909f56bfc062723c751e8b465ee728b)
Start importing Assets/Prefabs/RedPrefab.prefab using Guid(356b8277975a77d4eb39a7b25b363197) Importer(815301076,1909f56bfc062723c751e8b465ee728b)  -> (artifact id: '46b5201e39adafd5d38ca96d3348acb5') in 0.016113 seconds
  Import took 0.019470 seconds .

========================================================================
Received Import Request.
  Time since last request: 89.972998 seconds.
  path: ProjectSettings/TagManager.asset
  artifactKey: Guid(00000000000000003000000000000000) Importer(815301076,1909f56bfc062723c751e8b465ee728b)
Start importing ProjectSettings/TagManager.asset using Guid(00000000000000003000000000000000) Importer(815301076,1909f56bfc062723c751e8b465ee728b)  -> (artifact id: 'd7fc6db537de490c66388a0e179d6586') in 0.010347 seconds
  Import took 0.012803 seconds .

========================================================================
Received Import Request.
  Time since last request: 0.037122 seconds.
  path: ProjectSettings/TagManager.asset
  artifactKey: Guid(00000000000000003000000000000000) Importer(815301076,1909f56bfc062723c751e8b465ee728b)
Start importing ProjectSettings/TagManager.asset using Guid(00000000000000003000000000000000) Importer(815301076,1909f56bfc062723c751e8b465ee728b)  -> (artifact id: 'd7fc6db537de490c66388a0e179d6586') in 0.003506 seconds
  Import took 0.006199 seconds .

========================================================================
Received Import Request.
  Time since last request: 36.240488 seconds.
  path: Assets/Prefabs/BluePrefab.prefab
  artifactKey: Guid(628808efff3638e4092daa748e41fb5e) Importer(815301076,1909f56bfc062723c751e8b465ee728b)
Start importing Assets/Prefabs/BluePrefab.prefab using Guid(628808efff3638e4092daa748e41fb5e) Importer(815301076,1909f56bfc062723c751e8b465ee728b)  -> (artifact id: '3e69ed7ad8f0d945b14e3073aab83903') in 0.036477 seconds
  Import took 0.039430 seconds .

========================================================================
Received Import Request.
  Time since last request: 4.152564 seconds.
  path: Assets/Prefabs/RedPrefab.prefab
  artifactKey: Guid(356b8277975a77d4eb39a7b25b363197) Importer(815301076,1909f56bfc062723c751e8b465ee728b)
Start importing Assets/Prefabs/RedPrefab.prefab using Guid(356b8277975a77d4eb39a7b25b363197) Importer(815301076,1909f56bfc062723c751e8b465ee728b)  -> (artifact id: 'b9227a06041cc104c698f65c626a2265') in 0.020375 seconds
  Import took 0.023640 seconds .

